[debug] [2018-03-07T11:50:57.793Z] ----------------------------------------------------------------------
[debug] [2018-03-07T11:50:57.795Z] Command:       /usr/local/bin/node /usr/local/bin/firebase serve
[debug] [2018-03-07T11:50:57.795Z] CLI Version:   3.17.4
[debug] [2018-03-07T11:50:57.796Z] Platform:      darwin
[debug] [2018-03-07T11:50:57.796Z] Node Version:  v8.1.3
[debug] [2018-03-07T11:50:57.796Z] Time:          Wed Mar 07 2018 12:50:57 GMT+0100 (CET)
[debug] [2018-03-07T11:50:57.796Z] ----------------------------------------------------------------------
[debug] 
[debug] [2018-03-07T11:50:57.807Z] > command requires scopes: ["email","openid","https://www.googleapis.com/auth/cloudplatformprojects.readonly","https://www.googleapis.com/auth/firebase","https://www.googleapis.com/auth/cloud-platform"]
[debug] [2018-03-07T11:50:57.807Z] > authorizing via signed-in user
[debug] [2018-03-07T11:50:57.809Z] > refreshing access token with scopes: ["email","https://www.googleapis.com/auth/cloud-platform","https://www.googleapis.com/auth/cloudplatformprojects.readonly","https://www.googleapis.com/auth/firebase","openid"]
[debug] [2018-03-07T11:50:57.809Z] >>> HTTP REQUEST POST https://www.googleapis.com/oauth2/v3/token  
 { refresh_token: '1/s7z9dqSx925tqSm-l8d9SnMn_u5rywNv24ZZ96eg118',
  client_id: '563584335869-fgrhgmd47bqnekij5i8b5pr03ho849e6.apps.googleusercontent.com',
  client_secret: 'j9iVZfS8kkCEFUPaAeJV0sAi',
  grant_type: 'refresh_token',
  scope: 'email https://www.googleapis.com/auth/cloud-platform https://www.googleapis.com/auth/cloudplatformprojects.readonly https://www.googleapis.com/auth/firebase openid' } 
 Wed Mar 07 2018 12:50:57 GMT+0100 (CET)
[debug] [2018-03-07T11:50:58.057Z] <<< HTTP RESPONSE 200
[debug] [2018-03-07T11:50:58.071Z] >>> HTTP REQUEST GET https://admin.firebase.com/v1/projects/crm-app-1cdf6  
  
 Wed Mar 07 2018 12:50:58 GMT+0100 (CET)
[debug] [2018-03-07T11:50:58.814Z] <<< HTTP RESPONSE 200
[debug] [2018-03-07T11:50:58.815Z] >>> HTTP REQUEST GET https://admin.firebase.com/v1/database/crm-app-1cdf6/tokens  
  
 Wed Mar 07 2018 12:50:58 GMT+0100 (CET)
[debug] [2018-03-07T11:50:59.763Z] <<< HTTP RESPONSE 200
[info] 
[info] === Serving from '/Users/simonschneider /Documents/CloudStation/DHBW/Semester 5/CRM-App/CRM'...
[info] 
[debug] [2018-03-07T11:50:59.766Z] >>> HTTP REQUEST GET https://cloudresourcemanager.googleapis.com/v1/projects/crm-app-1cdf6  
  
 Wed Mar 07 2018 12:50:59 GMT+0100 (CET)
[debug] [2018-03-07T11:51:00.786Z] <<< HTTP RESPONSE 200
[debug] [2018-03-07T11:51:00.786Z] >>> HTTP REQUEST GET https://mobilesdk-pa.googleapis.com/v1/projects/629201658789/clients/_:getWebAppConfig  
  
 Wed Mar 07 2018 12:51:00 GMT+0100 (CET)
[debug] [2018-03-07T11:51:02.425Z] <<< HTTP RESPONSE 200
[info] i  hosting: Serving hosting files from: public
[info] ✔  hosting: Local server: http://localhost:5000

[info] Shutting down...
